2024-01-28 14:22:46.786 [info] Extension host with pid 2475 started
2024-01-28 14:22:46.835 [info] Lock '/config/data/User/workspaceStorage/-e1d9f3a/vscode.lock': Lock acquired.
2024-01-28 14:22:46.936 [info] ExtensionService#_doActivateExtension vscode.emmet, startup: false, activationEvent: 'onLanguage'
2024-01-28 14:22:47.943 [info] ExtensionService#_doActivateExtension vscode.git-base, startup: true, activationEvent: '*', root cause: vscode.git
2024-01-28 14:22:47.979 [error] No bundle location found for extension vscode.emmet
2024-01-28 14:22:50.330 [info] ExtensionService#_doActivateExtension vscode.git, startup: true, activationEvent: '*'
2024-01-28 14:22:50.333 [info] ExtensionService#_doActivateExtension vscode.github, startup: true, activationEvent: '*'
2024-01-28 14:22:52.300 [info] Eager extensions activated
2024-01-28 14:22:52.301 [info] ExtensionService#_doActivateExtension vscode.debug-auto-launch, startup: false, activationEvent: 'onStartupFinished'
2024-01-28 14:22:52.302 [info] ExtensionService#_doActivateExtension vscode.merge-conflict, startup: false, activationEvent: 'onStartupFinished'
2024-01-28 14:31:17.667 [info] ExtensionService#_doActivateExtension vscode.typescript-language-features, startup: false, activationEvent: 'onLanguage:javascript'
2024-01-28 14:31:18.714 [error] No bundle location found for extension vscode.typescript-language-features
2024-01-28 14:31:18.864 [warning] Using default string since no string found in i18n bundle that has the key: Learn more about managing TypeScript versions
2024-01-28 14:31:18.934 [warning] Using default string since no string found in i18n bundle that has the key: TypeScript Version
2024-01-28 14:31:18.935 [warning] Using default string since no string found in i18n bundle that has the key: TypeScript Version
2024-01-28 14:31:18.937 [warning] Using default string since no string found in i18n bundle that has the key: TypeScript: Configure Excludes
2024-01-28 14:31:18.965 [warning] Using default string since no string found in i18n bundle that has the key: Select Version
2024-01-28 14:31:18.972 [warning] Using default string since no string found in i18n bundle that has the key: JS/TS IntelliSense Status
2024-01-28 14:31:18.973 [warning] Using default string since no string found in i18n bundle that has the key: Loading IntelliSense status
2024-01-28 14:31:18.979 [warning] Using default string since no string found in i18n bundle that has the key: Could not determine references
2024-01-28 14:31:18.986 [warning] Using default string since no string found in i18n bundle that has the key: Enables semantic checking in a JavaScript file. Must be at the top of a file.
2024-01-28 14:31:18.986 [warning] Using default string since no string found in i18n bundle that has the key: Disables semantic checking in a JavaScript file. Must be at the top of a file.
2024-01-28 14:31:18.987 [warning] Using default string since no string found in i18n bundle that has the key: Suppresses @ts-check errors on the next line of a file.
2024-01-28 14:31:18.987 [warning] Using default string since no string found in i18n bundle that has the key: Suppresses @ts-check errors on the next line of a file, expecting at least one to exist.
2024-01-28 14:31:19.000 [warning] Using default string since no string found in i18n bundle that has the key: Organize Imports
2024-01-28 14:31:19.005 [warning] Using default string since no string found in i18n bundle that has the key: Sort Imports
2024-01-28 14:31:19.008 [warning] Using default string since no string found in i18n bundle that has the key: Remove Unused Imports
2024-01-28 14:31:19.016 [warning] Using default string since no string found in i18n bundle that has the key: Learn more about JS/TS refactorings
2024-01-28 14:31:20.826 [warning] Using default string since no string found in i18n bundle that has the key: No jsconfig
2024-01-28 14:31:20.827 [warning] Using default string since no string found in i18n bundle that has the key: Configure jsconfig
2024-01-28 14:42:31.249 [warning] Using default string since no string found in i18n bundle that has the key: JS/TS IntelliSense Status
2024-01-28 14:42:31.251 [warning] Using default string since no string found in i18n bundle that has the key: Loading IntelliSense status
2024-01-28 14:42:31.325 [warning] Using default string since no string found in i18n bundle that has the key: No jsconfig
2024-01-28 14:42:31.327 [warning] Using default string since no string found in i18n bundle that has the key: Configure jsconfig
2024-01-28 14:44:28.702 [info] ExtensionService#_doActivateExtension vscode.npm, startup: false, activationEvent: 'onTerminalQuickFixRequest:ms-vscode.npm-command'
2024-01-28 14:44:29.713 [error] No bundle location found for extension vscode.npm
2024-01-28 14:48:04.027 [info] ExtensionService#_doActivateExtension vscode.tunnel-forwarding, startup: false, activationEvent: 'onTunnel'
2024-01-28 14:48:05.045 [error] No bundle location found for extension vscode.tunnel-forwarding
2024-01-28 14:53:28.799 [warning] Using default string since no string found in i18n bundle that has the key: JS/TS IntelliSense Status
2024-01-28 14:53:28.816 [warning] Using default string since no string found in i18n bundle that has the key: Loading IntelliSense status
2024-01-28 14:53:28.865 [warning] Using default string since no string found in i18n bundle that has the key: No jsconfig
2024-01-28 14:53:28.886 [warning] Using default string since no string found in i18n bundle that has the key: Configure jsconfig
2024-01-28 14:55:03.605 [info] ExtensionService#_doActivateExtension vscode.extension-editing, startup: false, activationEvent: 'onLanguage:json'
2024-01-28 14:55:03.609 [info] ExtensionService#_doActivateExtension vscode.json-language-features, startup: false, activationEvent: 'onLanguage:json'
2024-01-28 14:55:03.980 [warning] Using default string since no string found in i18n bundle that has the key: Debug
2024-01-28 14:55:04.571 [warning] Using default string since no string found in i18n bundle that has the key: Run Script
2024-01-28 14:55:04.571 [warning] Using default string since no string found in i18n bundle that has the key: Run the script as a task
2024-01-28 14:55:04.572 [warning] Using default string since no string found in i18n bundle that has the key: Debug Script
2024-01-28 14:55:04.573 [warning] Using default string since no string found in i18n bundle that has the key: Runs the script under the debugger
2024-01-28 14:55:04.697 [error] No bundle location found for extension vscode.extension-editing
2024-01-28 14:55:04.698 [error] No bundle location found for extension vscode.json-language-features
2024-01-28 14:55:04.734 [warning] Using default string since no string found in i18n bundle that has the key: This activation event cannot be explicitly listed by your extension.
2024-01-28 14:55:04.736 [warning] Using default string since no string found in i18n bundle that has the key: This activation event can be removed as VS Code generates these automatically from your package.json contribution declarations.
2024-01-28 14:55:04.739 [warning] Using default string since no string found in i18n bundle that has the key: Images must use the HTTPS protocol.
2024-01-28 14:55:04.740 [warning] Using default string since no string found in i18n bundle that has the key: SVGs are not a valid image source.
2024-01-28 14:55:04.742 [warning] Using default string since no string found in i18n bundle that has the key: Embedded SVGs are not a valid image source.
2024-01-28 14:55:04.744 [warning] Using default string since no string found in i18n bundle that has the key: Data URLs are not a valid image source.
2024-01-28 14:55:04.746 [warning] Using default string since no string found in i18n bundle that has the key: Relative image URLs require a repository with HTTPS protocol to be specified in the package.json.
2024-01-28 14:55:04.748 [warning] Using default string since no string found in i18n bundle that has the key: Relative badge URLs require a repository with HTTPS protocol to be specified in this package.json.
2024-01-28 14:55:04.751 [warning] Using default string since no string found in i18n bundle that has the key: This proposal cannot be used because for this extension the product defines a fixed set of API proposals. You can test your extension but before publishing you MUST reach out to the VS Code team.
2024-01-28 14:55:04.752 [warning] Using default string since no string found in i18n bundle that has the key: This activation event can be removed for extensions targeting engine version ^1.75 as VS Code will generate these automatically from your package.json contribution declarations.
2024-01-28 14:55:04.753 [warning] Using default string since no string found in i18n bundle that has the key: Using '*' activation is usually a bad idea as it impacts performance.
2024-01-28 14:55:04.753 [warning] Using default string since no string found in i18n bundle that has the key: Error parsing the when-clause:
2024-01-28 14:55:04.865 [warning] Using default string since no string found in i18n bundle that has the key: Configure
2024-01-28 14:55:04.866 [warning] Using default string since no string found in i18n bundle that has the key: JSON Language Server
2024-01-28 14:55:04.964 [warning] Using default string since no string found in i18n bundle that has the key: JSON: Schema Resolution Error
2024-01-28 14:55:05.408 [warning] Using default string since no string found in i18n bundle that has the key: Unable to resolve schema. Click to retry.
2024-01-28 14:55:05.409 [warning] Using default string since no string found in i18n bundle that has the key: JSON Validation Status
2024-01-28 14:55:05.410 [warning] Using default string since no string found in i18n bundle that has the key: Loading JSON info
2024-01-28 14:55:05.508 [warning] Using default string since no string found in i18n bundle that has the key: Schema Validated
2024-01-28 14:55:05.508 [warning] Using default string since no string found in i18n bundle that has the key: multiple JSON schemas configured
2024-01-28 14:55:05.509 [warning] Using default string since no string found in i18n bundle that has the key: Show Schemas
2024-01-28 14:55:06.718 [warning] Using default string since no string found in i18n bundle that has the key: Unable to compute used schemas: No document
2024-01-28 14:55:06.724 [warning] Using default string since no string found in i18n bundle that has the key: Loading JSON info
2024-01-28 14:55:06.754 [warning] Using default string since no string found in i18n bundle that has the key: No Schema Validation
2024-01-28 14:55:06.757 [warning] Using default string since no string found in i18n bundle that has the key: no JSON schema configured
2024-01-28 14:55:06.760 [warning] Using default string since no string found in i18n bundle that has the key: Show Schemas
2024-01-28 14:58:10.897 [warning] Using default string since no string found in i18n bundle that has the key: Unable to compute used schemas: No document
2024-01-28 14:58:10.903 [warning] Using default string since no string found in i18n bundle that has the key: JS/TS IntelliSense Status
2024-01-28 14:58:10.905 [warning] Using default string since no string found in i18n bundle that has the key: Loading IntelliSense status
2024-01-28 14:58:10.909 [warning] Using default string since no string found in i18n bundle that has the key: Loading JSON info
2024-01-28 14:58:10.931 [warning] Using default string since no string found in i18n bundle that has the key: No jsconfig
2024-01-28 14:58:10.933 [warning] Using default string since no string found in i18n bundle that has the key: Configure jsconfig
2024-01-28 14:58:10.934 [warning] Using default string since no string found in i18n bundle that has the key: No Schema Validation
2024-01-28 14:58:10.935 [warning] Using default string since no string found in i18n bundle that has the key: no JSON schema configured
2024-01-28 14:58:10.935 [warning] Using default string since no string found in i18n bundle that has the key: Show Schemas
2024-01-28 14:58:21.015 [warning] Using default string since no string found in i18n bundle that has the key: Unable to compute used schemas: No document
2024-01-28 14:58:21.040 [warning] Using default string since no string found in i18n bundle that has the key: Loading JSON info
2024-01-28 14:58:21.065 [warning] Using default string since no string found in i18n bundle that has the key: No Schema Validation
2024-01-28 14:58:21.067 [warning] Using default string since no string found in i18n bundle that has the key: no JSON schema configured
2024-01-28 14:58:21.071 [warning] Using default string since no string found in i18n bundle that has the key: Show Schemas
2024-01-28 14:58:21.726 [warning] Using default string since no string found in i18n bundle that has the key: Unable to compute used schemas: No document
2024-01-28 14:58:21.776 [warning] Using default string since no string found in i18n bundle that has the key: Loading JSON info
2024-01-28 14:58:21.797 [warning] Using default string since no string found in i18n bundle that has the key: No Schema Validation
2024-01-28 14:58:21.799 [warning] Using default string since no string found in i18n bundle that has the key: no JSON schema configured
2024-01-28 14:58:21.800 [warning] Using default string since no string found in i18n bundle that has the key: Show Schemas
2024-01-28 15:01:24.900 [warning] Using default string since no string found in i18n bundle that has the key: Unable to compute used schemas: No document
2024-01-28 15:01:24.948 [warning] Using default string since no string found in i18n bundle that has the key: Loading JSON info
2024-01-28 15:01:24.976 [warning] Using default string since no string found in i18n bundle that has the key: No Schema Validation
2024-01-28 15:01:24.991 [warning] Using default string since no string found in i18n bundle that has the key: no JSON schema configured
2024-01-28 15:01:25.000 [warning] Using default string since no string found in i18n bundle that has the key: Show Schemas
2024-01-28 15:01:27.350 [warning] Using default string since no string found in i18n bundle that has the key: Unable to compute used schemas: No document
2024-01-28 15:01:27.399 [warning] Using default string since no string found in i18n bundle that has the key: Loading JSON info
2024-01-28 15:01:27.417 [warning] Using default string since no string found in i18n bundle that has the key: No Schema Validation
2024-01-28 15:01:27.418 [warning] Using default string since no string found in i18n bundle that has the key: no JSON schema configured
2024-01-28 15:01:27.418 [warning] Using default string since no string found in i18n bundle that has the key: Show Schemas
2024-01-28 15:01:28.317 [warning] Using default string since no string found in i18n bundle that has the key: Unable to compute used schemas: No document
2024-01-28 15:01:28.433 [warning] Using default string since no string found in i18n bundle that has the key: JS/TS IntelliSense Status
2024-01-28 15:01:28.438 [warning] Using default string since no string found in i18n bundle that has the key: Loading IntelliSense status
2024-01-28 15:01:28.441 [warning] Using default string since no string found in i18n bundle that has the key: Loading JSON info
2024-01-28 15:01:28.481 [warning] Using default string since no string found in i18n bundle that has the key: No Schema Validation
2024-01-28 15:01:28.481 [warning] Using default string since no string found in i18n bundle that has the key: no JSON schema configured
2024-01-28 15:01:28.483 [warning] Using default string since no string found in i18n bundle that has the key: Show Schemas
2024-01-28 15:01:28.883 [warning] Using default string since no string found in i18n bundle that has the key: No jsconfig
2024-01-28 15:01:28.884 [warning] Using default string since no string found in i18n bundle that has the key: Configure jsconfig
2024-01-28 15:01:37.219 [warning] Using default string since no string found in i18n bundle that has the key: Unable to compute used schemas: No document
2024-01-28 15:01:37.235 [warning] Using default string since no string found in i18n bundle that has the key: Loading JSON info
2024-01-28 15:01:37.249 [warning] Using default string since no string found in i18n bundle that has the key: No Schema Validation
2024-01-28 15:01:37.250 [warning] Using default string since no string found in i18n bundle that has the key: no JSON schema configured
2024-01-28 15:01:37.252 [warning] Using default string since no string found in i18n bundle that has the key: Show Schemas
2024-01-28 15:01:40.365 [warning] Using default string since no string found in i18n bundle that has the key: Unable to compute used schemas: No document
2024-01-28 15:01:40.371 [warning] Using default string since no string found in i18n bundle that has the key: JS/TS IntelliSense Status
2024-01-28 15:01:40.372 [warning] Using default string since no string found in i18n bundle that has the key: Loading IntelliSense status
2024-01-28 15:01:40.374 [warning] Using default string since no string found in i18n bundle that has the key: Loading JSON info
2024-01-28 15:01:40.390 [warning] Using default string since no string found in i18n bundle that has the key: No Schema Validation
2024-01-28 15:01:40.391 [warning] Using default string since no string found in i18n bundle that has the key: no JSON schema configured
2024-01-28 15:01:40.391 [warning] Using default string since no string found in i18n bundle that has the key: Show Schemas
2024-01-28 15:01:40.393 [warning] Using default string since no string found in i18n bundle that has the key: No jsconfig
2024-01-28 15:01:40.393 [warning] Using default string since no string found in i18n bundle that has the key: Configure jsconfig
2024-01-28 15:02:25.991 [warning] Using default string since no string found in i18n bundle that has the key: Unable to compute used schemas: No document
2024-01-28 15:02:26.020 [warning] Using default string since no string found in i18n bundle that has the key: Loading JSON info
2024-01-28 15:02:26.033 [warning] Using default string since no string found in i18n bundle that has the key: No Schema Validation
2024-01-28 15:02:26.035 [warning] Using default string since no string found in i18n bundle that has the key: no JSON schema configured
2024-01-28 15:02:26.035 [warning] Using default string since no string found in i18n bundle that has the key: Show Schemas
2024-01-28 15:02:27.993 [warning] Using default string since no string found in i18n bundle that has the key: Unable to compute used schemas: No document
2024-01-28 15:02:27.997 [warning] Using default string since no string found in i18n bundle that has the key: Loading JSON info
2024-01-28 15:02:28.013 [warning] Using default string since no string found in i18n bundle that has the key: No Schema Validation
2024-01-28 15:02:28.014 [warning] Using default string since no string found in i18n bundle that has the key: no JSON schema configured
2024-01-28 15:02:28.014 [warning] Using default string since no string found in i18n bundle that has the key: Show Schemas
2024-01-28 15:15:56.106 [warning] Using default string since no string found in i18n bundle that has the key: Unable to compute used schemas: No document
2024-01-28 15:15:56.204 [warning] Using default string since no string found in i18n bundle that has the key: Loading JSON info
2024-01-28 15:15:56.214 [info] ExtensionService#_doActivateExtension vscode.markdown-language-features, startup: false, activationEvent: 'onLanguage:markdown'
2024-01-28 15:15:56.247 [warning] Using default string since no string found in i18n bundle that has the key: No Schema Validation
2024-01-28 15:15:56.251 [warning] Using default string since no string found in i18n bundle that has the key: no JSON schema configured
2024-01-28 15:15:56.252 [warning] Using default string since no string found in i18n bundle that has the key: Show Schemas
2024-01-28 15:15:57.306 [error] No bundle location found for extension vscode.markdown-language-features
2024-01-28 15:15:57.547 [warning] Using default string since no string found in i18n bundle that has the key: Some content has been disabled in this document
2024-01-28 15:15:57.547 [warning] Using default string since no string found in i18n bundle that has the key: Potentially unsafe or insecure content has been disabled in the Markdown preview. Change the Markdown preview security setting to allow insecure content or enable scripts
2024-01-28 15:15:57.548 [warning] Using default string since no string found in i18n bundle that has the key: Content Disabled Security Warning
2024-01-28 15:15:57.579 [warning] Using default string since no string found in i18n bundle that has the key: Markdown Language Server
2024-01-28 15:15:58.577 [info] ExtensionService#_doActivateExtension vscode.markdown-math, startup: false, activationEvent: 'api', root cause: vscode.markdown-language-features
2024-01-28 15:15:59.589 [error] No bundle location found for extension vscode.markdown-math
2024-01-28 15:16:20.283 [warning] Using default string since no string found in i18n bundle that has the key: Unable to compute used schemas: No document
2024-01-28 15:16:20.291 [warning] Using default string since no string found in i18n bundle that has the key: Loading JSON info
2024-01-28 15:16:20.348 [warning] Using default string since no string found in i18n bundle that has the key: No Schema Validation
2024-01-28 15:16:20.351 [warning] Using default string since no string found in i18n bundle that has the key: no JSON schema configured
2024-01-28 15:16:20.353 [warning] Using default string since no string found in i18n bundle that has the key: Show Schemas
2024-01-28 15:16:21.749 [warning] Using default string since no string found in i18n bundle that has the key: Unable to compute used schemas: No document
2024-01-28 15:16:21.752 [warning] Using default string since no string found in i18n bundle that has the key: Loading JSON info
2024-01-28 15:16:21.795 [warning] Using default string since no string found in i18n bundle that has the key: No Schema Validation
2024-01-28 15:16:21.795 [warning] Using default string since no string found in i18n bundle that has the key: no JSON schema configured
2024-01-28 15:16:21.796 [warning] Using default string since no string found in i18n bundle that has the key: Show Schemas
2024-01-28 15:16:22.745 [warning] Using default string since no string found in i18n bundle that has the key: Unable to compute used schemas: No document
2024-01-28 15:16:22.751 [warning] Using default string since no string found in i18n bundle that has the key: Loading JSON info
2024-01-28 15:16:22.792 [warning] Using default string since no string found in i18n bundle that has the key: No Schema Validation
2024-01-28 15:16:22.797 [warning] Using default string since no string found in i18n bundle that has the key: no JSON schema configured
2024-01-28 15:16:22.801 [warning] Using default string since no string found in i18n bundle that has the key: Show Schemas
2024-01-28 15:16:24.024 [warning] Using default string since no string found in i18n bundle that has the key: Unable to compute used schemas: No document
2024-01-28 15:16:24.046 [warning] Using default string since no string found in i18n bundle that has the key: Loading JSON info
2024-01-28 15:16:24.058 [warning] Using default string since no string found in i18n bundle that has the key: No Schema Validation
2024-01-28 15:16:24.060 [warning] Using default string since no string found in i18n bundle that has the key: no JSON schema configured
2024-01-28 15:16:24.062 [warning] Using default string since no string found in i18n bundle that has the key: Show Schemas
2024-01-28 15:16:24.697 [warning] Using default string since no string found in i18n bundle that has the key: Unable to compute used schemas: No document
2024-01-28 15:16:24.700 [warning] Using default string since no string found in i18n bundle that has the key: JS/TS IntelliSense Status
2024-01-28 15:16:24.711 [warning] Using default string since no string found in i18n bundle that has the key: Loading IntelliSense status
2024-01-28 15:16:24.725 [warning] Using default string since no string found in i18n bundle that has the key: Loading JSON info
2024-01-28 15:16:24.762 [warning] Using default string since no string found in i18n bundle that has the key: No jsconfig
2024-01-28 15:16:24.765 [warning] Using default string since no string found in i18n bundle that has the key: Configure jsconfig
2024-01-28 15:16:24.768 [warning] Using default string since no string found in i18n bundle that has the key: No Schema Validation
2024-01-28 15:16:24.770 [warning] Using default string since no string found in i18n bundle that has the key: no JSON schema configured
2024-01-28 15:16:24.789 [warning] Using default string since no string found in i18n bundle that has the key: Show Schemas
2024-01-28 15:16:31.730 [warning] Using default string since no string found in i18n bundle that has the key: Unable to compute used schemas: No document
2024-01-28 15:16:31.737 [warning] Using default string since no string found in i18n bundle that has the key: Loading JSON info
2024-01-28 15:16:31.799 [warning] Using default string since no string found in i18n bundle that has the key: No Schema Validation
2024-01-28 15:16:31.805 [warning] Using default string since no string found in i18n bundle that has the key: no JSON schema configured
2024-01-28 15:16:31.807 [warning] Using default string since no string found in i18n bundle that has the key: Show Schemas
2024-01-28 15:16:32.833 [warning] Using default string since no string found in i18n bundle that has the key: Unable to compute used schemas: No document
2024-01-28 15:16:32.895 [warning] Using default string since no string found in i18n bundle that has the key: Loading JSON info
2024-01-28 15:16:32.941 [warning] Using default string since no string found in i18n bundle that has the key: No Schema Validation
2024-01-28 15:16:32.944 [warning] Using default string since no string found in i18n bundle that has the key: no JSON schema configured
2024-01-28 15:16:32.945 [warning] Using default string since no string found in i18n bundle that has the key: Show Schemas
2024-01-28 15:16:37.509 [warning] Using default string since no string found in i18n bundle that has the key: Unable to compute used schemas: No document
2024-01-28 15:16:37.515 [warning] Using default string since no string found in i18n bundle that has the key: Loading JSON info
2024-01-28 15:16:37.562 [warning] Using default string since no string found in i18n bundle that has the key: No Schema Validation
2024-01-28 15:16:37.565 [warning] Using default string since no string found in i18n bundle that has the key: no JSON schema configured
2024-01-28 15:16:37.566 [warning] Using default string since no string found in i18n bundle that has the key: Show Schemas
2024-01-28 15:17:03.821 [warning] Using default string since no string found in i18n bundle that has the key: Unable to compute used schemas: No document
2024-01-28 15:17:03.830 [warning] Using default string since no string found in i18n bundle that has the key: Loading JSON info
2024-01-28 15:17:03.889 [warning] Using default string since no string found in i18n bundle that has the key: No Schema Validation
2024-01-28 15:17:03.890 [warning] Using default string since no string found in i18n bundle that has the key: no JSON schema configured
2024-01-28 15:17:03.891 [warning] Using default string since no string found in i18n bundle that has the key: Show Schemas
2024-01-28 15:17:09.144 [warning] Using default string since no string found in i18n bundle that has the key: Unable to compute used schemas: No document
2024-01-28 15:17:09.174 [warning] Using default string since no string found in i18n bundle that has the key: Loading JSON info
2024-01-28 15:17:09.194 [warning] Using default string since no string found in i18n bundle that has the key: No Schema Validation
2024-01-28 15:17:09.194 [warning] Using default string since no string found in i18n bundle that has the key: no JSON schema configured
2024-01-28 15:17:09.195 [warning] Using default string since no string found in i18n bundle that has the key: Show Schemas
2024-01-28 15:17:57.278 [warning] Using default string since no string found in i18n bundle that has the key: Unable to compute used schemas: No document
2024-01-28 15:17:57.409 [warning] Using default string since no string found in i18n bundle that has the key: Loading JSON info
2024-01-28 15:17:57.428 [warning] Using default string since no string found in i18n bundle that has the key: No Schema Validation
2024-01-28 15:17:57.430 [warning] Using default string since no string found in i18n bundle that has the key: no JSON schema configured
2024-01-28 15:17:57.430 [warning] Using default string since no string found in i18n bundle that has the key: Show Schemas
2024-01-28 15:18:02.837 [warning] Using default string since no string found in i18n bundle that has the key: Unable to compute used schemas: No document
2024-01-28 15:18:02.844 [warning] Using default string since no string found in i18n bundle that has the key: Loading JSON info
2024-01-28 15:18:02.916 [warning] Using default string since no string found in i18n bundle that has the key: No Schema Validation
2024-01-28 15:18:02.923 [warning] Using default string since no string found in i18n bundle that has the key: no JSON schema configured
2024-01-28 15:18:02.924 [warning] Using default string since no string found in i18n bundle that has the key: Show Schemas
2024-01-28 15:18:12.548 [warning] Using default string since no string found in i18n bundle that has the key: Unable to compute used schemas: No document
2024-01-28 15:18:12.557 [warning] Using default string since no string found in i18n bundle that has the key: Loading JSON info
2024-01-28 15:18:12.596 [warning] Using default string since no string found in i18n bundle that has the key: No Schema Validation
2024-01-28 15:18:12.596 [warning] Using default string since no string found in i18n bundle that has the key: no JSON schema configured
2024-01-28 15:18:12.597 [warning] Using default string since no string found in i18n bundle that has the key: Show Schemas
2024-01-28 15:18:14.836 [warning] Using default string since no string found in i18n bundle that has the key: Unable to compute used schemas: No document
2024-01-28 15:18:14.874 [warning] Using default string since no string found in i18n bundle that has the key: Loading JSON info
2024-01-28 15:18:14.914 [warning] Using default string since no string found in i18n bundle that has the key: No Schema Validation
2024-01-28 15:18:14.918 [warning] Using default string since no string found in i18n bundle that has the key: no JSON schema configured
2024-01-28 15:18:14.919 [warning] Using default string since no string found in i18n bundle that has the key: Show Schemas
