2024-01-28 14:22:52.333 [info] 日志级别: Info
2024-01-28 14:22:52.333 [info] 正在验证在以下位置找到的 git: "git"
2024-01-28 14:22:52.334 [info] 将使用位于 "2.34.1" 的 Git "git"
2024-01-28 14:22:52.334 [info] > git rev-parse --show-toplevel [4ms]
2024-01-28 14:22:52.334 [info] fatal: not a git repository (or any parent up to mount point /)
Stopping at filesystem boundary (GIT_DISCOVERY_ACROSS_FILESYSTEM not set).
2024-01-28 14:27:01.862 [info] > git rev-parse --show-toplevel [5ms]
2024-01-28 14:27:01.863 [info] fatal: not a git repository (or any parent up to mount point /)
Stopping at filesystem boundary (GIT_DISCOVERY_ACROSS_FILESYSTEM not set).
2024-01-28 14:28:02.127 [info] > git rev-parse --show-toplevel [8ms]
2024-01-28 14:28:02.142 [info] > git rev-parse --git-dir --git-common-dir [5ms]
2024-01-28 14:28:02.156 [info] Open repository: /config/workspace/RuoYi-Vue
2024-01-28 14:28:02.178 [info] > git config --get commit.template [12ms]
2024-01-28 14:28:02.188 [info] > git for-each-ref --format=%(refname)%00%(upstream:short)%00%(objectname)%00%(upstream:track)%00%(upstream:remotename)%00%(upstream:remoteref) refs/heads/master refs/remotes/master [15ms]
2024-01-28 14:28:02.214 [info] > git status -z -uall [17ms]
2024-01-28 14:28:02.238 [info] > git config --get commit.template [10ms]
2024-01-28 14:28:02.245 [info] > git for-each-ref --format=%(refname)%00%(upstream:short)%00%(objectname)%00%(upstream:track)%00%(upstream:remotename)%00%(upstream:remoteref) refs/heads/master refs/remotes/master [9ms]
2024-01-28 14:28:02.265 [info] > git status -z -uall [13ms]
2024-01-28 14:28:02.640 [info] > git rev-parse --show-toplevel [8ms]
2024-01-28 14:28:02.710 [info] > git check-ignore -v -z --stdin [16ms]
2024-01-28 14:28:08.841 [info] > git config --get commit.template [14ms]
2024-01-28 14:28:08.868 [info] > git for-each-ref --format=%(refname)%00%(upstream:short)%00%(objectname)%00%(upstream:track)%00%(upstream:remotename)%00%(upstream:remoteref) refs/heads/master refs/remotes/master [30ms]
2024-01-28 14:28:08.879 [warning] ENOENT: no such file or directory, open '/config/workspace/RuoYi-Vue/.git/refs/remotes/origin/master'
2024-01-28 14:28:08.890 [info] > git rev-parse refs/remotes/origin/master [12ms]
2024-01-28 14:28:09.924 [info] > git status -z -uall [1023ms]
2024-01-28 14:28:11.056 [info] > git check-ignore -v -z --stdin [36ms]
2024-01-28 14:28:26.757 [info] > git ls-files --stage -- /config/workspace/RuoYi-Vue/ry.sh [8ms]
2024-01-28 14:28:26.764 [info] > git show --textconv :ry.sh [23ms]
2024-01-28 14:28:26.779 [info] > git cat-file -s d6a9cf33ac732f9744f573139e8502ef049c0745 [14ms]
2024-01-28 14:28:38.723 [info] > git rev-parse --show-toplevel [5ms]
2024-01-28 14:28:38.724 [info] fatal: not a git repository (or any parent up to mount point /)
Stopping at filesystem boundary (GIT_DISCOVERY_ACROSS_FILESYSTEM not set).
2024-01-28 14:29:08.167 [info] > git check-ignore -v -z --stdin [11ms]
2024-01-28 14:29:12.737 [info] > git check-ignore -v -z --stdin [14ms]
2024-01-28 14:29:13.692 [info] > git check-ignore -v -z --stdin [15ms]
2024-01-28 14:29:14.600 [info] > git ls-files --stage -- /config/workspace/RuoYi-Vue/ruoyi-admin/src/main/resources/application-druid.yml [17ms]
2024-01-28 14:29:14.613 [info] > git show --textconv :ruoyi-admin/src/main/resources/application-druid.yml [43ms]
2024-01-28 14:29:14.639 [info] > git cat-file -s bcfad3eae424a3e77bb5711454a549266431e060 [30ms]
2024-01-28 14:29:31.599 [info] > git config --get commit.template [8ms]
2024-01-28 14:29:31.617 [info] > git for-each-ref --format=%(refname)%00%(upstream:short)%00%(objectname)%00%(upstream:track)%00%(upstream:remotename)%00%(upstream:remoteref) refs/heads/master refs/remotes/master [20ms]
2024-01-28 14:29:31.624 [warning] ENOENT: no such file or directory, open '/config/workspace/RuoYi-Vue/.git/refs/remotes/origin/master'
2024-01-28 14:29:31.630 [info] > git rev-parse refs/remotes/origin/master [6ms]
2024-01-28 14:29:32.063 [info] > git status -z -uall [428ms]
2024-01-28 14:29:37.088 [info] > git config --get commit.template [7ms]
2024-01-28 14:29:37.103 [info] > git for-each-ref --format=%(refname)%00%(upstream:short)%00%(objectname)%00%(upstream:track)%00%(upstream:remotename)%00%(upstream:remoteref) refs/heads/master refs/remotes/master [16ms]
2024-01-28 14:29:37.109 [warning] ENOENT: no such file or directory, open '/config/workspace/RuoYi-Vue/.git/refs/remotes/origin/master'
2024-01-28 14:29:37.115 [info] > git rev-parse refs/remotes/origin/master [6ms]
2024-01-28 14:29:37.486 [info] > git status -z -uall [345ms]
2024-01-28 14:29:42.519 [info] > git config --get commit.template [9ms]
2024-01-28 14:29:42.535 [info] > git for-each-ref --format=%(refname)%00%(upstream:short)%00%(objectname)%00%(upstream:track)%00%(upstream:remotename)%00%(upstream:remoteref) refs/heads/master refs/remotes/master [18ms]
2024-01-28 14:29:42.540 [warning] ENOENT: no such file or directory, open '/config/workspace/RuoYi-Vue/.git/refs/remotes/origin/master'
2024-01-28 14:29:42.546 [info] > git rev-parse refs/remotes/origin/master [6ms]
2024-01-28 14:29:42.894 [info] > git status -z -uall [343ms]
2024-01-28 14:29:46.073 [info] > git ls-files --stage -- /config/workspace/RuoYi-Vue/ruoyi-admin/src/main/resources/application.yml [13ms]
2024-01-28 14:29:46.079 [info] > git show --textconv :ruoyi-admin/src/main/resources/application.yml [33ms]
2024-01-28 14:29:46.089 [info] > git cat-file -s f7125af6d578038a9211b7f479cb3fe20687da03 [10ms]
2024-01-28 14:29:51.596 [info] > git config --get commit.template [10ms]
2024-01-28 14:29:51.612 [info] > git for-each-ref --format=%(refname)%00%(upstream:short)%00%(objectname)%00%(upstream:track)%00%(upstream:remotename)%00%(upstream:remoteref) refs/heads/master refs/remotes/master [18ms]
2024-01-28 14:29:51.618 [warning] ENOENT: no such file or directory, open '/config/workspace/RuoYi-Vue/.git/refs/remotes/origin/master'
2024-01-28 14:29:51.624 [info] > git rev-parse refs/remotes/origin/master [6ms]
2024-01-28 14:29:52.002 [info] > git status -z -uall [373ms]
2024-01-28 14:29:57.024 [info] > git config --get commit.template [7ms]
2024-01-28 14:29:57.037 [info] > git for-each-ref --format=%(refname)%00%(upstream:short)%00%(objectname)%00%(upstream:track)%00%(upstream:remotename)%00%(upstream:remoteref) refs/heads/master refs/remotes/master [15ms]
2024-01-28 14:29:57.043 [warning] ENOENT: no such file or directory, open '/config/workspace/RuoYi-Vue/.git/refs/remotes/origin/master'
2024-01-28 14:29:57.051 [info] > git rev-parse refs/remotes/origin/master [8ms]
2024-01-28 14:29:57.372 [info] > git status -z -uall [315ms]
2024-01-28 14:29:59.643 [info] > git ls-files --stage -- /config/workspace/RuoYi-Vue/ruoyi-admin/src/main/resources/logback.xml [13ms]
2024-01-28 14:29:59.651 [info] > git show --textconv :ruoyi-admin/src/main/resources/logback.xml [37ms]
2024-01-28 14:29:59.668 [info] > git cat-file -s d69a5720739777fb1bc9feef127220071296d5ca [18ms]
2024-01-28 14:30:09.105 [info] > git config --get commit.template [18ms]
2024-01-28 14:30:09.205 [info] > git for-each-ref --format=%(refname)%00%(upstream:short)%00%(objectname)%00%(upstream:track)%00%(upstream:remotename)%00%(upstream:remoteref) refs/heads/master refs/remotes/master [100ms]
2024-01-28 14:30:09.212 [warning] ENOENT: no such file or directory, open '/config/workspace/RuoYi-Vue/.git/refs/remotes/origin/master'
2024-01-28 14:30:09.222 [info] > git rev-parse refs/remotes/origin/master [10ms]
2024-01-28 14:30:09.586 [info] > git status -z -uall [358ms]
2024-01-28 14:30:13.618 [info] > git ls-files --stage -- /config/workspace/RuoYi-Vue/ruoyi-admin/src/main/resources/application.yml [8ms]
2024-01-28 14:30:13.625 [info] > git show --textconv :ruoyi-admin/src/main/resources/application.yml [26ms]
2024-01-28 14:30:13.638 [info] > git cat-file -s f7125af6d578038a9211b7f479cb3fe20687da03 [14ms]
2024-01-28 14:30:14.618 [info] > git config --get commit.template [8ms]
2024-01-28 14:30:14.633 [info] > git for-each-ref --format=%(refname)%00%(upstream:short)%00%(objectname)%00%(upstream:track)%00%(upstream:remotename)%00%(upstream:remoteref) refs/heads/master refs/remotes/master [16ms]
2024-01-28 14:30:14.640 [warning] ENOENT: no such file or directory, open '/config/workspace/RuoYi-Vue/.git/refs/remotes/origin/master'
2024-01-28 14:30:14.646 [info] > git rev-parse refs/remotes/origin/master [7ms]
2024-01-28 14:30:15.111 [info] > git status -z -uall [459ms]
2024-01-28 14:30:35.924 [info] > git config --get commit.template [14ms]
2024-01-28 14:30:35.954 [info] > git for-each-ref --format=%(refname)%00%(upstream:short)%00%(objectname)%00%(upstream:track)%00%(upstream:remotename)%00%(upstream:remoteref) refs/heads/master refs/remotes/master [33ms]
2024-01-28 14:30:35.965 [warning] ENOENT: no such file or directory, open '/config/workspace/RuoYi-Vue/.git/refs/remotes/origin/master'
2024-01-28 14:30:35.974 [info] > git rev-parse refs/remotes/origin/master [9ms]
2024-01-28 14:30:36.324 [info] > git status -z -uall [343ms]
2024-01-28 14:30:45.756 [info] > git check-ignore -v -z --stdin [12ms]
2024-01-28 14:30:48.171 [info] > git ls-files --stage -- /config/workspace/RuoYi-Vue/ruoyi-ui/.env.development [8ms]
2024-01-28 14:30:48.178 [info] > git show --textconv :ruoyi-ui/.env.development [22ms]
2024-01-28 14:30:48.192 [info] > git cat-file -s 18b2a3ed48521332960b977109a94f3e7b27ae31 [14ms]
2024-01-28 14:30:56.207 [info] > git ls-files --stage -- /config/workspace/RuoYi-Vue/ruoyi-ui/.editorconfig [11ms]
2024-01-28 14:30:56.215 [info] > git show --textconv :ruoyi-ui/.editorconfig [27ms]
2024-01-28 14:30:56.233 [info] > git cat-file -s 22d302ecd92ae8e09c4f44e32e7a01d3540ab257 [19ms]
2024-01-28 14:30:57.614 [info] > git ls-files --stage -- /config/workspace/RuoYi-Vue/ruoyi-ui/.env.development [8ms]
2024-01-28 14:30:57.622 [info] > git show --textconv :ruoyi-ui/.env.development [22ms]
2024-01-28 14:30:57.633 [info] > git cat-file -s 18b2a3ed48521332960b977109a94f3e7b27ae31 [12ms]
2024-01-28 14:30:59.185 [info] > git ls-files --stage -- /config/workspace/RuoYi-Vue/ruoyi-ui/.env.production [10ms]
2024-01-28 14:30:59.191 [info] > git show --textconv :ruoyi-ui/.env.production [25ms]
2024-01-28 14:30:59.201 [info] > git cat-file -s cb064ec84e2e3cc4099b372ea23705b2e66d6dea [10ms]
2024-01-28 14:31:17.850 [info] > git ls-files --stage -- /config/workspace/RuoYi-Vue/ruoyi-ui/vue.config.js [10ms]
2024-01-28 14:31:17.860 [info] > git show --textconv :ruoyi-ui/vue.config.js [29ms]
2024-01-28 14:31:17.881 [info] > git cat-file -s 486801b1691a73a198c32764610658a46270b59a [23ms]
2024-01-28 14:32:11.738 [info] > git ls-files --stage -- /config/workspace/RuoYi-Vue/.gitignore [336ms]
2024-01-28 14:32:11.777 [info] > git show --textconv :.gitignore [628ms]
2024-01-28 14:32:11.878 [info] > git cat-file -s 0c0da3e07a79fc113effbba553e6d6779c6078d1 [103ms]
2024-01-28 14:33:36.322 [info] > git config --get commit.template [24ms]
2024-01-28 14:33:36.417 [info] > git for-each-ref --format=%(refname)%00%(upstream:short)%00%(objectname)%00%(upstream:track)%00%(upstream:remotename)%00%(upstream:remoteref) refs/heads/master refs/remotes/master [99ms]
2024-01-28 14:33:36.439 [warning] ENOENT: no such file or directory, open '/config/workspace/RuoYi-Vue/.git/refs/remotes/origin/master'
2024-01-28 14:33:36.460 [info] > git rev-parse refs/remotes/origin/master [21ms]
2024-01-28 14:33:37.362 [info] > git ls-files --stage -- /config/workspace/RuoYi-Vue/ruoyi-admin/src/main/resources/application.yml [19ms]
2024-01-28 14:33:37.377 [info] > git show --textconv :ruoyi-admin/src/main/resources/application.yml [57ms]
2024-01-28 14:33:37.408 [info] > git cat-file -s f7125af6d578038a9211b7f479cb3fe20687da03 [32ms]
2024-01-28 14:33:37.882 [info] > git status -z -uall [1412ms]
2024-01-28 14:33:39.600 [info] > git show --textconv :ruoyi-admin/src/main/resources/application-druid.yml [78ms]
2024-01-28 14:33:39.619 [info] > git ls-files --stage -- /config/workspace/RuoYi-Vue/ruoyi-admin/src/main/resources/application-druid.yml [55ms]
2024-01-28 14:33:39.694 [info] > git cat-file -s bcfad3eae424a3e77bb5711454a549266431e060 [41ms]
2024-01-28 14:33:40.432 [info] > git rev-parse --show-toplevel [17ms]
2024-01-28 14:33:40.434 [info] fatal: not a git repository (or any parent up to mount point /)
Stopping at filesystem boundary (GIT_DISCOVERY_ACROSS_FILESYSTEM not set).
2024-01-28 14:33:42.923 [info] > git config --get commit.template [11ms]
2024-01-28 14:33:42.938 [info] > git for-each-ref --format=%(refname)%00%(upstream:short)%00%(objectname)%00%(upstream:track)%00%(upstream:remotename)%00%(upstream:remoteref) refs/heads/master refs/remotes/master [17ms]
2024-01-28 14:33:42.947 [warning] ENOENT: no such file or directory, open '/config/workspace/RuoYi-Vue/.git/refs/remotes/origin/master'
2024-01-28 14:33:42.959 [info] > git rev-parse refs/remotes/origin/master [12ms]
2024-01-28 14:33:43.482 [info] > git status -z -uall [514ms]
2024-01-28 14:33:50.463 [info] > git config --get commit.template [11ms]
2024-01-28 14:33:50.481 [info] > git for-each-ref --format=%(refname)%00%(upstream:short)%00%(objectname)%00%(upstream:track)%00%(upstream:remotename)%00%(upstream:remoteref) refs/heads/master refs/remotes/master [38ms]
2024-01-28 14:33:50.493 [warning] ENOENT: no such file or directory, open '/config/workspace/RuoYi-Vue/.git/refs/remotes/origin/master'
2024-01-28 14:33:50.506 [info] > git rev-parse refs/remotes/origin/master [13ms]
2024-01-28 14:33:51.238 [info] > git status -z -uall [719ms]
2024-01-28 14:33:56.273 [info] > git config --get commit.template [20ms]
2024-01-28 14:33:56.298 [info] > git for-each-ref --format=%(refname)%00%(upstream:short)%00%(objectname)%00%(upstream:track)%00%(upstream:remotename)%00%(upstream:remoteref) refs/heads/master refs/remotes/master [35ms]
2024-01-28 14:33:56.314 [warning] ENOENT: no such file or directory, open '/config/workspace/RuoYi-Vue/.git/refs/remotes/origin/master'
2024-01-28 14:33:56.325 [info] > git rev-parse refs/remotes/origin/master [10ms]
2024-01-28 14:33:56.885 [info] > git status -z -uall [554ms]
2024-01-28 14:34:10.123 [info] > git config --get commit.template [8ms]
2024-01-28 14:34:10.142 [info] > git for-each-ref --format=%(refname)%00%(upstream:short)%00%(objectname)%00%(upstream:track)%00%(upstream:remotename)%00%(upstream:remoteref) refs/heads/master refs/remotes/master [21ms]
2024-01-28 14:34:10.152 [warning] ENOENT: no such file or directory, open '/config/workspace/RuoYi-Vue/.git/refs/remotes/origin/master'
2024-01-28 14:34:10.162 [info] > git rev-parse refs/remotes/origin/master [10ms]
2024-01-28 14:34:10.681 [info] > git status -z -uall [509ms]
2024-01-28 14:34:15.707 [info] > git config --get commit.template [10ms]
2024-01-28 14:34:15.729 [info] > git for-each-ref --format=%(refname)%00%(upstream:short)%00%(objectname)%00%(upstream:track)%00%(upstream:remotename)%00%(upstream:remoteref) refs/heads/master refs/remotes/master [23ms]
2024-01-28 14:34:15.736 [warning] ENOENT: no such file or directory, open '/config/workspace/RuoYi-Vue/.git/refs/remotes/origin/master'
2024-01-28 14:34:15.746 [info] > git rev-parse refs/remotes/origin/master [10ms]
2024-01-28 14:34:16.265 [info] > git status -z -uall [509ms]
2024-01-28 14:34:21.302 [info] > git config --get commit.template [7ms]
2024-01-28 14:34:21.311 [info] > git for-each-ref --format=%(refname)%00%(upstream:short)%00%(objectname)%00%(upstream:track)%00%(upstream:remotename)%00%(upstream:remoteref) refs/heads/master refs/remotes/master [26ms]
2024-01-28 14:34:21.318 [warning] ENOENT: no such file or directory, open '/config/workspace/RuoYi-Vue/.git/refs/remotes/origin/master'
2024-01-28 14:34:21.325 [info] > git rev-parse refs/remotes/origin/master [7ms]
2024-01-28 14:34:21.747 [info] > git status -z -uall [415ms]
2024-01-28 14:34:30.614 [info] > git config --get commit.template [20ms]
2024-01-28 14:34:30.661 [info] > git for-each-ref --format=%(refname)%00%(upstream:short)%00%(objectname)%00%(upstream:track)%00%(upstream:remotename)%00%(upstream:remoteref) refs/heads/master refs/remotes/master [50ms]
2024-01-28 14:34:30.674 [warning] ENOENT: no such file or directory, open '/config/workspace/RuoYi-Vue/.git/refs/remotes/origin/master'
2024-01-28 14:34:30.686 [info] > git rev-parse refs/remotes/origin/master [12ms]
2024-01-28 14:34:31.098 [info] > git status -z -uall [403ms]
2024-01-28 14:35:08.928 [info] > git config --get commit.template [7ms]
2024-01-28 14:35:08.957 [info] > git for-each-ref --format=%(refname)%00%(upstream:short)%00%(objectname)%00%(upstream:track)%00%(upstream:remotename)%00%(upstream:remoteref) refs/heads/master refs/remotes/master [30ms]
2024-01-28 14:35:08.963 [warning] ENOENT: no such file or directory, open '/config/workspace/RuoYi-Vue/.git/refs/remotes/origin/master'
2024-01-28 14:35:08.971 [info] > git rev-parse refs/remotes/origin/master [8ms]
2024-01-28 14:35:09.542 [info] > git status -z -uall [566ms]
2024-01-28 14:35:14.576 [info] > git config --get commit.template [10ms]
2024-01-28 14:35:14.593 [info] > git for-each-ref --format=%(refname)%00%(upstream:short)%00%(objectname)%00%(upstream:track)%00%(upstream:remotename)%00%(upstream:remoteref) refs/heads/master refs/remotes/master [17ms]
2024-01-28 14:35:14.599 [warning] ENOENT: no such file or directory, open '/config/workspace/RuoYi-Vue/.git/refs/remotes/origin/master'
2024-01-28 14:35:14.604 [info] > git rev-parse refs/remotes/origin/master [5ms]
2024-01-28 14:35:14.935 [info] > git status -z -uall [324ms]
2024-01-28 14:36:58.910 [warning] ENOENT: no such file or directory, open '/config/workspace/RuoYi-Vue/.git/HEAD'
2024-01-28 14:36:58.918 [warning] getRemotes() - ENOENT: no such file or directory, open '/config/workspace/RuoYi-Vue/.git/config'
2024-01-28 14:36:58.926 [info] > git remote --verbose [8ms]
2024-01-28 14:36:58.926 [info] fatal: not a git repository (or any parent up to mount point /)
Stopping at filesystem boundary (GIT_DISCOVERY_ACROSS_FILESYSTEM not set).
2024-01-28 14:36:58.933 [info] > git symbolic-ref --short HEAD [23ms]
2024-01-28 14:36:58.934 [info] fatal: not a git repository (or any parent up to mount point /)
Stopping at filesystem boundary (GIT_DISCOVERY_ACROSS_FILESYSTEM not set).
2024-01-28 14:36:58.948 [warning] ENOENT: no such file or directory, open '/config/workspace/RuoYi-Vue/.git/HEAD'
2024-01-28 14:36:58.954 [warning] getRemotes() - ENOENT: no such file or directory, open '/config/workspace/RuoYi-Vue/.git/config'
2024-01-28 14:36:58.961 [info] > git config --get commit.template [37ms]
2024-01-28 14:36:58.962 [info] > git remote --verbose [8ms]
2024-01-28 14:36:58.963 [info] fatal: not a git repository (or any parent up to mount point /)
Stopping at filesystem boundary (GIT_DISCOVERY_ACROSS_FILESYSTEM not set).
2024-01-28 14:36:58.963 [info] > git symbolic-ref --short HEAD [15ms]
2024-01-28 14:36:58.964 [info] fatal: not a git repository (or any parent up to mount point /)
Stopping at filesystem boundary (GIT_DISCOVERY_ACROSS_FILESYSTEM not set).
2024-01-28 14:36:58.970 [info] > git rev-parse HEAD [30ms]
2024-01-28 14:36:58.971 [info] fatal: not a git repository (or any parent up to mount point /)
Stopping at filesystem boundary (GIT_DISCOVERY_ACROSS_FILESYSTEM not set).
2024-01-28 14:36:58.972 [info] > git config --get commit.template [12ms]
2024-01-28 14:36:58.974 [info] > git rev-parse HEAD [4ms]
2024-01-28 14:36:58.974 [info] fatal: not a git repository (or any parent up to mount point /)
Stopping at filesystem boundary (GIT_DISCOVERY_ACROSS_FILESYSTEM not set).
2024-01-28 14:42:27.484 [info] > git rev-parse --show-toplevel [3ms]
2024-01-28 14:42:27.485 [info] fatal: not a git repository (or any parent up to mount point /)
Stopping at filesystem boundary (GIT_DISCOVERY_ACROSS_FILESYSTEM not set).
2024-01-28 14:42:31.321 [info] > git rev-parse --show-toplevel [47ms]
2024-01-28 14:42:31.322 [info] fatal: not a git repository (or any parent up to mount point /)
Stopping at filesystem boundary (GIT_DISCOVERY_ACROSS_FILESYSTEM not set).
2024-01-28 14:43:36.334 [info] > git rev-parse --show-toplevel [34ms]
2024-01-28 14:43:36.355 [info] fatal: not a git repository (or any parent up to mount point /)
Stopping at filesystem boundary (GIT_DISCOVERY_ACROSS_FILESYSTEM not set).
2024-01-28 14:53:28.925 [info] > git rev-parse --show-toplevel [63ms]
2024-01-28 14:53:28.928 [info] fatal: not a git repository (or any parent up to mount point /)
Stopping at filesystem boundary (GIT_DISCOVERY_ACROSS_FILESYSTEM not set).
2024-01-28 14:53:58.634 [info] > git rev-parse --show-toplevel [25ms]
2024-01-28 14:53:58.636 [info] fatal: not a git repository (or any parent up to mount point /)
Stopping at filesystem boundary (GIT_DISCOVERY_ACROSS_FILESYSTEM not set).
2024-01-28 14:55:03.701 [info] > git rev-parse --show-toplevel [73ms]
2024-01-28 14:55:03.703 [info] fatal: not a git repository (or any parent up to mount point /)
Stopping at filesystem boundary (GIT_DISCOVERY_ACROSS_FILESYSTEM not set).
2024-01-28 14:55:06.831 [info] > git rev-parse --show-toplevel [86ms]
2024-01-28 14:55:06.851 [info] fatal: not a git repository (or any parent up to mount point /)
Stopping at filesystem boundary (GIT_DISCOVERY_ACROSS_FILESYSTEM not set).
2024-01-28 14:58:10.943 [info] > git rev-parse --show-toplevel [15ms]
2024-01-28 14:58:10.944 [info] fatal: not a git repository (or any parent up to mount point /)
Stopping at filesystem boundary (GIT_DISCOVERY_ACROSS_FILESYSTEM not set).
2024-01-28 14:58:21.140 [info] > git rev-parse --show-toplevel [85ms]
2024-01-28 14:58:21.143 [info] fatal: not a git repository (or any parent up to mount point /)
Stopping at filesystem boundary (GIT_DISCOVERY_ACROSS_FILESYSTEM not set).
2024-01-28 14:58:21.814 [info] > git rev-parse --show-toplevel [18ms]
2024-01-28 14:58:21.816 [info] fatal: not a git repository (or any parent up to mount point /)
Stopping at filesystem boundary (GIT_DISCOVERY_ACROSS_FILESYSTEM not set).
2024-01-28 15:01:25.016 [info] > git rev-parse --show-toplevel [40ms]
2024-01-28 15:01:25.026 [info] fatal: not a git repository (or any parent up to mount point /)
Stopping at filesystem boundary (GIT_DISCOVERY_ACROSS_FILESYSTEM not set).
2024-01-28 15:01:27.423 [info] > git rev-parse --show-toplevel [9ms]
2024-01-28 15:01:27.424 [info] fatal: not a git repository (or any parent up to mount point /)
Stopping at filesystem boundary (GIT_DISCOVERY_ACROSS_FILESYSTEM not set).
2024-01-28 15:01:28.494 [info] > git rev-parse --show-toplevel [14ms]
2024-01-28 15:01:28.495 [info] fatal: not a git repository (or any parent up to mount point /)
Stopping at filesystem boundary (GIT_DISCOVERY_ACROSS_FILESYSTEM not set).
2024-01-28 15:01:37.264 [info] > git rev-parse --show-toplevel [16ms]
2024-01-28 15:01:37.265 [info] fatal: not a git repository (or any parent up to mount point /)
Stopping at filesystem boundary (GIT_DISCOVERY_ACROSS_FILESYSTEM not set).
2024-01-28 15:01:40.400 [info] > git rev-parse --show-toplevel [11ms]
2024-01-28 15:01:40.401 [info] fatal: not a git repository (or any parent up to mount point /)
Stopping at filesystem boundary (GIT_DISCOVERY_ACROSS_FILESYSTEM not set).
2024-01-28 15:02:26.040 [info] > git rev-parse --show-toplevel [7ms]
2024-01-28 15:02:26.042 [info] fatal: not a git repository (or any parent up to mount point /)
Stopping at filesystem boundary (GIT_DISCOVERY_ACROSS_FILESYSTEM not set).
2024-01-28 15:02:28.021 [info] > git rev-parse --show-toplevel [9ms]
2024-01-28 15:02:28.022 [info] fatal: not a git repository (or any parent up to mount point /)
Stopping at filesystem boundary (GIT_DISCOVERY_ACROSS_FILESYSTEM not set).
2024-01-28 15:15:56.260 [info] > git rev-parse --show-toplevel [14ms]
2024-01-28 15:15:56.264 [info] fatal: not a git repository (or any parent up to mount point /)
Stopping at filesystem boundary (GIT_DISCOVERY_ACROSS_FILESYSTEM not set).
2024-01-28 15:16:20.377 [info] > git rev-parse --show-toplevel [30ms]
2024-01-28 15:16:20.382 [info] fatal: not a git repository (or any parent up to mount point /)
Stopping at filesystem boundary (GIT_DISCOVERY_ACROSS_FILESYSTEM not set).
2024-01-28 15:16:21.799 [info] > git rev-parse --show-toplevel [8ms]
2024-01-28 15:16:21.799 [info] fatal: not a git repository (or any parent up to mount point /)
Stopping at filesystem boundary (GIT_DISCOVERY_ACROSS_FILESYSTEM not set).
2024-01-28 15:16:22.827 [info] > git rev-parse --show-toplevel [37ms]
2024-01-28 15:16:22.845 [info] fatal: not a git repository (or any parent up to mount point /)
Stopping at filesystem boundary (GIT_DISCOVERY_ACROSS_FILESYSTEM not set).
2024-01-28 15:16:24.080 [info] > git rev-parse --show-toplevel [7ms]
2024-01-28 15:16:24.080 [info] fatal: not a git repository (or any parent up to mount point /)
Stopping at filesystem boundary (GIT_DISCOVERY_ACROSS_FILESYSTEM not set).
2024-01-28 15:16:24.826 [info] > git rev-parse --show-toplevel [8ms]
2024-01-28 15:16:24.826 [info] fatal: not a git repository (or any parent up to mount point /)
Stopping at filesystem boundary (GIT_DISCOVERY_ACROSS_FILESYSTEM not set).
2024-01-28 15:16:31.815 [info] > git rev-parse --show-toplevel [19ms]
2024-01-28 15:16:31.828 [info] fatal: not a git repository (or any parent up to mount point /)
Stopping at filesystem boundary (GIT_DISCOVERY_ACROSS_FILESYSTEM not set).
2024-01-28 15:16:32.982 [info] > git rev-parse --show-toplevel [6ms]
2024-01-28 15:16:32.983 [info] fatal: not a git repository (or any parent up to mount point /)
Stopping at filesystem boundary (GIT_DISCOVERY_ACROSS_FILESYSTEM not set).
2024-01-28 15:16:37.573 [info] > git rev-parse --show-toplevel [15ms]
2024-01-28 15:16:37.574 [info] fatal: not a git repository (or any parent up to mount point /)
Stopping at filesystem boundary (GIT_DISCOVERY_ACROSS_FILESYSTEM not set).
2024-01-28 15:17:03.895 [info] > git rev-parse --show-toplevel [6ms]
2024-01-28 15:17:03.896 [info] fatal: not a git repository (or any parent up to mount point /)
Stopping at filesystem boundary (GIT_DISCOVERY_ACROSS_FILESYSTEM not set).
2024-01-28 15:17:09.201 [info] > git rev-parse --show-toplevel [9ms]
2024-01-28 15:17:09.202 [info] fatal: not a git repository (or any parent up to mount point /)
Stopping at filesystem boundary (GIT_DISCOVERY_ACROSS_FILESYSTEM not set).
2024-01-28 15:17:57.436 [info] > git rev-parse --show-toplevel [8ms]
2024-01-28 15:17:57.437 [info] fatal: not a git repository (or any parent up to mount point /)
Stopping at filesystem boundary (GIT_DISCOVERY_ACROSS_FILESYSTEM not set).
2024-01-28 15:18:02.944 [info] > git rev-parse --show-toplevel [30ms]
2024-01-28 15:18:02.945 [info] fatal: not a git repository (or any parent up to mount point /)
Stopping at filesystem boundary (GIT_DISCOVERY_ACROSS_FILESYSTEM not set).
2024-01-28 15:18:12.603 [info] > git rev-parse --show-toplevel [8ms]
2024-01-28 15:18:12.604 [info] fatal: not a git repository (or any parent up to mount point /)
Stopping at filesystem boundary (GIT_DISCOVERY_ACROSS_FILESYSTEM not set).
2024-01-28 15:18:14.927 [info] > git rev-parse --show-toplevel [12ms]
2024-01-28 15:18:14.944 [info] fatal: not a git repository (or any parent up to mount point /)
Stopping at filesystem boundary (GIT_DISCOVERY_ACROSS_FILESYSTEM not set).
